This file contains any messages produced by compilers while
running configure, to aid debugging if configure makes a mistake.

It was created by [SAMPLE] configure [x.xx], which was
generated by GNU Autoconf 2.57.  Invocation command line was

  $ ./configure --prefix=/usr/local --build=x86_64 CXXFLAGS=-g -O0 build_alias=x86_64 --cache-file=/dev/null --srcdir=.

## --------- ##
## Platform. ##
## --------- ##

hostname = LT464719
uname -m = x86_64
uname -r = 3.4.7-ea781829.x86_64
uname -s = MINGW64_NT-10.0-19045
uname -v = 2023-07-05 12:05 UTC

/usr/bin/uname -p = unknown
/bin/uname -X     = unknown

/bin/arch              = x86_64
/usr/bin/arch -k       = unknown
/usr/convex/getsysinfo = unknown
hostinfo               = unknown
/bin/machine           = unknown
/usr/bin/oslevel       = unknown
/bin/universe          = unknown

PATH: /c/Users/zeli/Apps/jdk-20.0.2/bin
PATH: /c/Users/zeli/AppData/Local/Continuum/anaconda2/Scripts
PATH: /c/Users/zeli/AppData/Local/Continuum/anaconda2
PATH: /c/Users/zeli/bin
PATH: /mingw64/bin
PATH: /usr/local/bin
PATH: /usr/bin
PATH: /bin
PATH: /mingw64/bin
PATH: /usr/bin
PATH: /c/Users/zeli/bin
PATH: /c/WINDOWS/system32
PATH: /c/WINDOWS
PATH: /c/WINDOWS/System32/Wbem
PATH: /c/WINDOWS/System32/WindowsPowerShell/v1.0
PATH: /c/WINDOWS/System32/OpenSSH
PATH: /c/Program Files (x86)/Common Files/Oracle/Java/javapath
PATH: /c/Users/zeli/AppData/Local/anaconda3
PATH: /c/Users/zeli/AppData/Local/anaconda3/Library/mingw-w64/bin
PATH: /c/Users/zeli/AppData/Local/anaconda3/Library/usr/bin
PATH: /c/Users/zeli/AppData/Local/anaconda3/Library/bin
PATH: /c/Users/zeli/AppData/Local/anaconda3/Scripts
PATH: /c/Users/zeli/AppData/Local/Microsoft/WindowsApps
PATH: /c/Users/zeli/AppData/Local/Programs/Microsoft VS Code/bin
PATH: /cmd
PATH: /mingw64/bin
PATH: /usr/bin
PATH: /usr/bin/vendor_perl
PATH: /usr/bin/core_perl
PATH: /c/Users/zeli/Apps/go1.20.5.windows-amd64/go/bin/
PATH: /c/Users/zeli/Apps/node-v10.11.0-win-x64/
PATH: /c/Users/zeli/Apps/msys64/usr/bin
PATH: /c/Users/zeli/Apps/msys64/mingw64/bin
PATH: /c/Users/zeli/Apps/cmake-3.27.6-windows-x86_64/bin
PATH: /c/Users/zeli/Apps/eclipse/java-2019-03/eclipse
PATH: /c/Users/zeli/Apps/jdk-8u211/bin
PATH: /c/Users/zeli/AppData/Local/Continuum/anaconda2
PATH: /c/Users/zeli/AppData/Local/Continuum/anaconda2/Library/mingw-w64/bin
PATH: /c/Users/zeli/AppData/Local/Continuum/anaconda2/Library/usr/bin
PATH: /c/Users/zeli/AppData/Local/Continuum/anaconda2/Library/bin
PATH: /c/Users/zeli/AppData/Local/Continuum/anaconda2/Scripts


## ----------- ##
## Core tests. ##
## ----------- ##

configure:1410: creating ./config.status

## ---------------------- ##
## Running config.status. ##
## ---------------------- ##

This file was extended by [SAMPLE] config.status [x.xx], which was
generated by GNU Autoconf 2.57.  Invocation command line was

  CONFIG_FILES    = 
  CONFIG_HEADERS  = 
  CONFIG_LINKS    = 
  CONFIG_COMMANDS = 
  $ ./config.status 

on LT464719

config.status:612: creating Makefile.common
config.status:736: executing Makefile commands
config.status:736: executing lib/Makefile commands
config.status:736: executing lib/sample/Makefile commands
config.status:736: executing tools/Makefile commands
config.status:736: executing tools/sample/Makefile commands

## ---------------- ##
## Cache variables. ##
## ---------------- ##

ac_cv_env_build_alias_set=set
ac_cv_env_build_alias_value=x86_64
ac_cv_env_host_alias_set=
ac_cv_env_host_alias_value=
ac_cv_env_target_alias_set=
ac_cv_env_target_alias_value=
ac_cv_exeext=.exe

## ----------------- ##
## Output variables. ##
## ----------------- ##

DEFS='-DPACKAGE_NAME=\"\[SAMPLE\]\" -DPACKAGE_TARNAME=\"--sample--\" -DPACKAGE_VERSION=\"\[x.xx\]\" -DPACKAGE_STRING=\"\[SAMPLE\]\ \[x.xx\]\" -DPACKAGE_BUGREPORT=\"bugs@yourdomain\" '
ECHO_C=''
ECHO_N='-n'
ECHO_T=''
LIBOBJS=''
LIBS=''
LLVM_OBJ='/c/Users/zeli/opencode/llvm-project-llvmorg-1.0.0-annotation'
LLVM_SRC='/c/Users/zeli/opencode/llvm-project-llvmorg-1.0.0-annotation'
LTLIBOBJS=''
PACKAGE_BUGREPORT='bugs@yourdomain'
PACKAGE_NAME='[SAMPLE]'
PACKAGE_STRING='[SAMPLE] [x.xx]'
PACKAGE_TARNAME='--sample--'
PACKAGE_VERSION='[x.xx]'
PATH_SEPARATOR=':'
SHELL='/bin/sh'
bindir='${exec_prefix}/bin'
build_alias='x86_64'
datadir='${prefix}/share'
exec_prefix='${prefix}'
host_alias=''
includedir='${prefix}/include'
infodir='${prefix}/info'
libdir='${exec_prefix}/lib'
libexecdir='${exec_prefix}/libexec'
localstatedir='${prefix}/var'
mandir='${prefix}/man'
oldincludedir='/usr/include'
prefix='/usr/local'
program_transform_name='s,x,x,'
sbindir='${exec_prefix}/sbin'
sharedstatedir='${prefix}/com'
sysconfdir='${prefix}/etc'
target_alias=''

## ----------- ##
## confdefs.h. ##
## ----------- ##

#define PACKAGE_BUGREPORT "bugs@yourdomain"
#define PACKAGE_NAME "[SAMPLE]"
#define PACKAGE_STRING "[SAMPLE] [x.xx]"
#define PACKAGE_TARNAME "--sample--"
#define PACKAGE_VERSION "[x.xx]"

configure: exit 0
